Analysis & Synthesis report for BancoRegistro
Sat Apr 24 22:53:16 2021
Quartus Prime Version 20.1.1 Build 720 11/11/2020 SJ Lite Edition


---------------------
; Table of Contents ;
---------------------
  1. Legal Notice
  2. Analysis & Synthesis Summary
  3. Analysis & Synthesis Settings
  4. Parallel Compilation
  5. Analysis & Synthesis Source Files Read
  6. Analysis & Synthesis Resource Usage Summary
  7. Analysis & Synthesis Resource Utilization by Entity
  8. Registers Removed During Synthesis
  9. General Register Statistics
 10. Inverted Register Statistics
 11. Multiplexer Restructuring Statistics (Restructuring Performed)
 12. Parameter Settings for User Entity Instance: Top-level Entity: |BancoRegistro
 13. Parameter Settings for Inferred Entity Instance: display:disR|lpm_divide:Mod2
 14. Parameter Settings for Inferred Entity Instance: display:disR|lpm_divide:Div0
 15. Parameter Settings for Inferred Entity Instance: display:disR|lpm_divide:Mod1
 16. Parameter Settings for Inferred Entity Instance: display:disR|lpm_divide:Mod0
 17. Parameter Settings for Inferred Entity Instance: display:disR|lpm_divide:Div1
 18. Parameter Settings for Inferred Entity Instance: display:disR|lpm_divide:Mod3
 19. Post-Synthesis Netlist Statistics for Top Partition
 20. Elapsed Time Per Partition
 21. Analysis & Synthesis Messages



----------------
; Legal Notice ;
----------------
Copyright (C) 2020  Intel Corporation. All rights reserved.
Your use of Intel Corporation's design tools, logic functions 
and other software and tools, and any partner logic 
functions, and any output files from any of the foregoing 
(including device programming or simulation files), and any 
associated documentation or information are expressly subject 
to the terms and conditions of the Intel Program License 
Subscription Agreement, the Intel Quartus Prime License Agreement,
the Intel FPGA IP License Agreement, or other applicable license
agreement, including, without limitation, that your use is for
the sole purpose of programming logic devices manufactured by
Intel and sold by Intel or its authorized distributors.  Please
refer to the applicable agreement for further details, at
https://fpgasoftware.intel.com/eula.



+----------------------------------------------------------------------------------+
; Analysis & Synthesis Summary                                                     ;
+------------------------------------+---------------------------------------------+
; Analysis & Synthesis Status        ; Successful - Sat Apr 24 22:53:16 2021       ;
; Quartus Prime Version              ; 20.1.1 Build 720 11/11/2020 SJ Lite Edition ;
; Revision Name                      ; BancoRegistro                               ;
; Top-level Entity Name              ; BancoRegistro                               ;
; Family                             ; Cyclone IV E                                ;
; Total logic elements               ; 130                                         ;
;     Total combinational functions  ; 109                                         ;
;     Dedicated logic registers      ; 44                                          ;
; Total registers                    ; 44                                          ;
; Total pins                         ; 35                                          ;
; Total virtual pins                 ; 0                                           ;
; Total memory bits                  ; 0                                           ;
; Embedded Multiplier 9-bit elements ; 0                                           ;
; Total PLLs                         ; 0                                           ;
+------------------------------------+---------------------------------------------+


+------------------------------------------------------------------------------------------------------------+
; Analysis & Synthesis Settings                                                                              ;
+------------------------------------------------------------------+--------------------+--------------------+
; Option                                                           ; Setting            ; Default Value      ;
+------------------------------------------------------------------+--------------------+--------------------+
; Device                                                           ; EP4CE10E22C8       ;                    ;
; Top-level entity name                                            ; BancoRegistro      ; BancoRegistro      ;
; Family name                                                      ; Cyclone IV E       ; Cyclone V          ;
; Use smart compilation                                            ; Off                ; Off                ;
; Enable parallel Assembler and Timing Analyzer during compilation ; On                 ; On                 ;
; Enable compact report table                                      ; Off                ; Off                ;
; Restructure Multiplexers                                         ; Auto               ; Auto               ;
; Create Debugging Nodes for IP Cores                              ; Off                ; Off                ;
; Preserve fewer node names                                        ; On                 ; On                 ;
; Intel FPGA IP Evaluation Mode                                    ; Enable             ; Enable             ;
; Verilog Version                                                  ; Verilog_2001       ; Verilog_2001       ;
; VHDL Version                                                     ; VHDL_1993          ; VHDL_1993          ;
; State Machine Processing                                         ; Auto               ; Auto               ;
; Safe State Machine                                               ; Off                ; Off                ;
; Extract Verilog State Machines                                   ; On                 ; On                 ;
; Extract VHDL State Machines                                      ; On                 ; On                 ;
; Ignore Verilog initial constructs                                ; Off                ; Off                ;
; Iteration limit for constant Verilog loops                       ; 5000               ; 5000               ;
; Iteration limit for non-constant Verilog loops                   ; 250                ; 250                ;
; Add Pass-Through Logic to Inferred RAMs                          ; On                 ; On                 ;
; Infer RAMs from Raw Logic                                        ; On                 ; On                 ;
; Parallel Synthesis                                               ; On                 ; On                 ;
; DSP Block Balancing                                              ; Auto               ; Auto               ;
; NOT Gate Push-Back                                               ; On                 ; On                 ;
; Power-Up Don't Care                                              ; On                 ; On                 ;
; Remove Redundant Logic Cells                                     ; Off                ; Off                ;
; Remove Duplicate Registers                                       ; On                 ; On                 ;
; Ignore CARRY Buffers                                             ; Off                ; Off                ;
; Ignore CASCADE Buffers                                           ; Off                ; Off                ;
; Ignore GLOBAL Buffers                                            ; Off                ; Off                ;
; Ignore ROW GLOBAL Buffers                                        ; Off                ; Off                ;
; Ignore LCELL Buffers                                             ; Off                ; Off                ;
; Ignore SOFT Buffers                                              ; On                 ; On                 ;
; Limit AHDL Integers to 32 Bits                                   ; Off                ; Off                ;
; Optimization Technique                                           ; Balanced           ; Balanced           ;
; Carry Chain Length                                               ; 70                 ; 70                 ;
; Auto Carry Chains                                                ; On                 ; On                 ;
; Auto Open-Drain Pins                                             ; On                 ; On                 ;
; Perform WYSIWYG Primitive Resynthesis                            ; Off                ; Off                ;
; Auto ROM Replacement                                             ; On                 ; On                 ;
; Auto RAM Replacement                                             ; On                 ; On                 ;
; Auto DSP Block Replacement                                       ; On                 ; On                 ;
; Auto Shift Register Replacement                                  ; Auto               ; Auto               ;
; Allow Shift Register Merging across Hierarchies                  ; Auto               ; Auto               ;
; Auto Clock Enable Replacement                                    ; On                 ; On                 ;
; Strict RAM Replacement                                           ; Off                ; Off                ;
; Allow Synchronous Control Signals                                ; On                 ; On                 ;
; Force Use of Synchronous Clear Signals                           ; Off                ; Off                ;
; Auto RAM Block Balancing                                         ; On                 ; On                 ;
; Auto RAM to Logic Cell Conversion                                ; Off                ; Off                ;
; Auto Resource Sharing                                            ; Off                ; Off                ;
; Allow Any RAM Size For Recognition                               ; Off                ; Off                ;
; Allow Any ROM Size For Recognition                               ; Off                ; Off                ;
; Allow Any Shift Register Size For Recognition                    ; Off                ; Off                ;
; Use LogicLock Constraints during Resource Balancing              ; On                 ; On                 ;
; Ignore translate_off and synthesis_off directives                ; Off                ; Off                ;
; Timing-Driven Synthesis                                          ; On                 ; On                 ;
; Report Parameter Settings                                        ; On                 ; On                 ;
; Report Source Assignments                                        ; On                 ; On                 ;
; Report Connectivity Checks                                       ; On                 ; On                 ;
; Ignore Maximum Fan-Out Assignments                               ; Off                ; Off                ;
; Synchronization Register Chain Length                            ; 2                  ; 2                  ;
; Power Optimization During Synthesis                              ; Normal compilation ; Normal compilation ;
; HDL message level                                                ; Level2             ; Level2             ;
; Suppress Register Optimization Related Messages                  ; Off                ; Off                ;
; Number of Removed Registers Reported in Synthesis Report         ; 5000               ; 5000               ;
; Number of Swept Nodes Reported in Synthesis Report               ; 5000               ; 5000               ;
; Number of Inverted Registers Reported in Synthesis Report        ; 100                ; 100                ;
; Clock MUX Protection                                             ; On                 ; On                 ;
; Auto Gated Clock Conversion                                      ; Off                ; Off                ;
; Block Design Naming                                              ; Auto               ; Auto               ;
; SDC constraint protection                                        ; Off                ; Off                ;
; Synthesis Effort                                                 ; Auto               ; Auto               ;
; Shift Register Replacement - Allow Asynchronous Clear Signal     ; On                 ; On                 ;
; Pre-Mapping Resynthesis Optimization                             ; Off                ; Off                ;
; Analysis & Synthesis Message Level                               ; Medium             ; Medium             ;
; Disable Register Merging Across Hierarchies                      ; Auto               ; Auto               ;
; Resource Aware Inference For Block RAM                           ; On                 ; On                 ;
+------------------------------------------------------------------+--------------------+--------------------+


+------------------------------------------+
; Parallel Compilation                     ;
+----------------------------+-------------+
; Processors                 ; Number      ;
+----------------------------+-------------+
; Number detected on machine ; 6           ;
; Maximum allowed            ; 6           ;
;                            ;             ;
; Average used               ; 1.00        ;
; Maximum used               ; 6           ;
;                            ;             ;
; Usage by Processor         ; % Time Used ;
;     Processor 1            ; 100.0%      ;
;     Processor 2            ;   0.0%      ;
;     Processors 3-6         ;   0.0%      ;
+----------------------------+-------------+


+--------------------------------------------------------------------------------------------------------------------------------------------------------------------------------------+
; Analysis & Synthesis Source Files Read                                                                                                                                               ;
+----------------------------------+-----------------+------------------------------+----------------------------------------------------------------------------------------+---------+
; File Name with User-Entered Path ; Used in Netlist ; File Type                    ; File Name with Absolute Path                                                           ; Library ;
+----------------------------------+-----------------+------------------------------+----------------------------------------------------------------------------------------+---------+
; bancoregistro.v                  ; yes             ; Auto-Found Verilog HDL File  ; E:/Users/tisam.SUPER-PC/Documents/GitHub/lab04/lab04-master/bancoregistro.v            ;         ;
; reg16.men                        ; yes             ; Auto-Found Unspecified File  ; E:/Users/tisam.SUPER-PC/Documents/GitHub/lab04/lab04-master/reg16.men                  ;         ;
; display.v                        ; yes             ; Auto-Found Verilog HDL File  ; E:/Users/tisam.SUPER-PC/Documents/GitHub/lab04/lab04-master/display.v                  ;         ;
; bcdtosseg.v                      ; yes             ; Auto-Found Verilog HDL File  ; E:/Users/tisam.SUPER-PC/Documents/GitHub/lab04/lab04-master/bcdtosseg.v                ;         ;
; lpm_divide.tdf                   ; yes             ; Megafunction                 ; c:/intelfpga_lite/20.1/quartus/libraries/megafunctions/lpm_divide.tdf                  ;         ;
; abs_divider.inc                  ; yes             ; Megafunction                 ; c:/intelfpga_lite/20.1/quartus/libraries/megafunctions/abs_divider.inc                 ;         ;
; sign_div_unsign.inc              ; yes             ; Megafunction                 ; c:/intelfpga_lite/20.1/quartus/libraries/megafunctions/sign_div_unsign.inc             ;         ;
; aglobal201.inc                   ; yes             ; Megafunction                 ; c:/intelfpga_lite/20.1/quartus/libraries/megafunctions/aglobal201.inc                  ;         ;
; db/lpm_divide_i9m.tdf            ; yes             ; Auto-Generated Megafunction  ; E:/Users/tisam.SUPER-PC/Documents/GitHub/lab04/lab04-master/db/lpm_divide_i9m.tdf      ;         ;
; db/sign_div_unsign_7kh.tdf       ; yes             ; Auto-Generated Megafunction  ; E:/Users/tisam.SUPER-PC/Documents/GitHub/lab04/lab04-master/db/sign_div_unsign_7kh.tdf ;         ;
; db/alt_u_div_24f.tdf             ; yes             ; Auto-Generated Megafunction  ; E:/Users/tisam.SUPER-PC/Documents/GitHub/lab04/lab04-master/db/alt_u_div_24f.tdf       ;         ;
; db/add_sub_7pc.tdf               ; yes             ; Auto-Generated Megafunction  ; E:/Users/tisam.SUPER-PC/Documents/GitHub/lab04/lab04-master/db/add_sub_7pc.tdf         ;         ;
; db/add_sub_8pc.tdf               ; yes             ; Auto-Generated Megafunction  ; E:/Users/tisam.SUPER-PC/Documents/GitHub/lab04/lab04-master/db/add_sub_8pc.tdf         ;         ;
; db/lpm_divide_fhm.tdf            ; yes             ; Auto-Generated Megafunction  ; E:/Users/tisam.SUPER-PC/Documents/GitHub/lab04/lab04-master/db/lpm_divide_fhm.tdf      ;         ;
+----------------------------------+-----------------+------------------------------+----------------------------------------------------------------------------------------+---------+


+----------------------------------------------------------+
; Analysis & Synthesis Resource Usage Summary              ;
+---------------------------------------------+------------+
; Resource                                    ; Usage      ;
+---------------------------------------------+------------+
; Estimated Total logic elements              ; 130        ;
;                                             ;            ;
; Total combinational functions               ; 109        ;
; Logic element usage by number of LUT inputs ;            ;
;     -- 4 input functions                    ; 53         ;
;     -- 3 input functions                    ; 17         ;
;     -- <=2 input functions                  ; 39         ;
;                                             ;            ;
; Logic elements by mode                      ;            ;
;     -- normal mode                          ; 96         ;
;     -- arithmetic mode                      ; 13         ;
;                                             ;            ;
; Total registers                             ; 44         ;
;     -- Dedicated logic registers            ; 44         ;
;     -- I/O registers                        ; 0          ;
;                                             ;            ;
; I/O pins                                    ; 35         ;
;                                             ;            ;
; Embedded Multiplier 9-bit elements          ; 0          ;
;                                             ;            ;
; Maximum fan-out node                        ; clk1~input ;
; Maximum fan-out                             ; 34         ;
; Total fan-out                               ; 516        ;
; Average fan-out                             ; 2.31       ;
+---------------------------------------------+------------+


+-----------------------------------------------------------------------------------------------------------------------------------------------------------------------------------------------------------------------------------------------------------------------------------------------------------------------------------------+
; Analysis & Synthesis Resource Utilization by Entity                                                                                                                                                                                                                                                                                     ;
+-------------------------------------------+---------------------+---------------------------+-------------+--------------+---------+-----------+------+--------------+-----------------------------------------------------------------------------------------------------------------------------+---------------------+--------------+
; Compilation Hierarchy Node                ; Combinational ALUTs ; Dedicated Logic Registers ; Memory Bits ; DSP Elements ; DSP 9x9 ; DSP 18x18 ; Pins ; Virtual Pins ; Full Hierarchy Name                                                                                                         ; Entity Name         ; Library Name ;
+-------------------------------------------+---------------------+---------------------------+-------------+--------------+---------+-----------+------+--------------+-----------------------------------------------------------------------------------------------------------------------------+---------------------+--------------+
; |BancoRegistro                            ; 109 (67)            ; 44 (32)                   ; 0           ; 0            ; 0       ; 0         ; 35   ; 0            ; |BancoRegistro                                                                                                              ; BancoRegistro       ; work         ;
;    |display:disR|                         ; 42 (13)             ; 12 (12)                   ; 0           ; 0            ; 0       ; 0         ; 0    ; 0            ; |BancoRegistro|display:disR                                                                                                 ; display             ; work         ;
;       |BCDtoSSeg:bcdtosseg|               ; 7 (7)               ; 0 (0)                     ; 0           ; 0            ; 0       ; 0         ; 0    ; 0            ; |BancoRegistro|display:disR|BCDtoSSeg:bcdtosseg                                                                             ; BCDtoSSeg           ; work         ;
;       |lpm_divide:Div0|                   ; 4 (0)               ; 0 (0)                     ; 0           ; 0            ; 0       ; 0         ; 0    ; 0            ; |BancoRegistro|display:disR|lpm_divide:Div0                                                                                 ; lpm_divide          ; work         ;
;          |lpm_divide_fhm:auto_generated|  ; 4 (0)               ; 0 (0)                     ; 0           ; 0            ; 0       ; 0         ; 0    ; 0            ; |BancoRegistro|display:disR|lpm_divide:Div0|lpm_divide_fhm:auto_generated                                                   ; lpm_divide_fhm      ; work         ;
;             |sign_div_unsign_7kh:divider| ; 4 (0)               ; 0 (0)                     ; 0           ; 0            ; 0       ; 0         ; 0    ; 0            ; |BancoRegistro|display:disR|lpm_divide:Div0|lpm_divide_fhm:auto_generated|sign_div_unsign_7kh:divider                       ; sign_div_unsign_7kh ; work         ;
;                |alt_u_div_24f:divider|    ; 4 (4)               ; 0 (0)                     ; 0           ; 0            ; 0       ; 0         ; 0    ; 0            ; |BancoRegistro|display:disR|lpm_divide:Div0|lpm_divide_fhm:auto_generated|sign_div_unsign_7kh:divider|alt_u_div_24f:divider ; alt_u_div_24f       ; work         ;
;       |lpm_divide:Div1|                   ; 4 (0)               ; 0 (0)                     ; 0           ; 0            ; 0       ; 0         ; 0    ; 0            ; |BancoRegistro|display:disR|lpm_divide:Div1                                                                                 ; lpm_divide          ; work         ;
;          |lpm_divide_fhm:auto_generated|  ; 4 (0)               ; 0 (0)                     ; 0           ; 0            ; 0       ; 0         ; 0    ; 0            ; |BancoRegistro|display:disR|lpm_divide:Div1|lpm_divide_fhm:auto_generated                                                   ; lpm_divide_fhm      ; work         ;
;             |sign_div_unsign_7kh:divider| ; 4 (0)               ; 0 (0)                     ; 0           ; 0            ; 0       ; 0         ; 0    ; 0            ; |BancoRegistro|display:disR|lpm_divide:Div1|lpm_divide_fhm:auto_generated|sign_div_unsign_7kh:divider                       ; sign_div_unsign_7kh ; work         ;
;                |alt_u_div_24f:divider|    ; 4 (4)               ; 0 (0)                     ; 0           ; 0            ; 0       ; 0         ; 0    ; 0            ; |BancoRegistro|display:disR|lpm_divide:Div1|lpm_divide_fhm:auto_generated|sign_div_unsign_7kh:divider|alt_u_div_24f:divider ; alt_u_div_24f       ; work         ;
;       |lpm_divide:Mod0|                   ; 7 (0)               ; 0 (0)                     ; 0           ; 0            ; 0       ; 0         ; 0    ; 0            ; |BancoRegistro|display:disR|lpm_divide:Mod0                                                                                 ; lpm_divide          ; work         ;
;          |lpm_divide_i9m:auto_generated|  ; 7 (0)               ; 0 (0)                     ; 0           ; 0            ; 0       ; 0         ; 0    ; 0            ; |BancoRegistro|display:disR|lpm_divide:Mod0|lpm_divide_i9m:auto_generated                                                   ; lpm_divide_i9m      ; work         ;
;             |sign_div_unsign_7kh:divider| ; 7 (0)               ; 0 (0)                     ; 0           ; 0            ; 0       ; 0         ; 0    ; 0            ; |BancoRegistro|display:disR|lpm_divide:Mod0|lpm_divide_i9m:auto_generated|sign_div_unsign_7kh:divider                       ; sign_div_unsign_7kh ; work         ;
;                |alt_u_div_24f:divider|    ; 7 (7)               ; 0 (0)                     ; 0           ; 0            ; 0       ; 0         ; 0    ; 0            ; |BancoRegistro|display:disR|lpm_divide:Mod0|lpm_divide_i9m:auto_generated|sign_div_unsign_7kh:divider|alt_u_div_24f:divider ; alt_u_div_24f       ; work         ;
;       |lpm_divide:Mod2|                   ; 7 (0)               ; 0 (0)                     ; 0           ; 0            ; 0       ; 0         ; 0    ; 0            ; |BancoRegistro|display:disR|lpm_divide:Mod2                                                                                 ; lpm_divide          ; work         ;
;          |lpm_divide_i9m:auto_generated|  ; 7 (0)               ; 0 (0)                     ; 0           ; 0            ; 0       ; 0         ; 0    ; 0            ; |BancoRegistro|display:disR|lpm_divide:Mod2|lpm_divide_i9m:auto_generated                                                   ; lpm_divide_i9m      ; work         ;
;             |sign_div_unsign_7kh:divider| ; 7 (0)               ; 0 (0)                     ; 0           ; 0            ; 0       ; 0         ; 0    ; 0            ; |BancoRegistro|display:disR|lpm_divide:Mod2|lpm_divide_i9m:auto_generated|sign_div_unsign_7kh:divider                       ; sign_div_unsign_7kh ; work         ;
;                |alt_u_div_24f:divider|    ; 7 (7)               ; 0 (0)                     ; 0           ; 0            ; 0       ; 0         ; 0    ; 0            ; |BancoRegistro|display:disR|lpm_divide:Mod2|lpm_divide_i9m:auto_generated|sign_div_unsign_7kh:divider|alt_u_div_24f:divider ; alt_u_div_24f       ; work         ;
+-------------------------------------------+---------------------+---------------------------+-------------+--------------+---------+-----------+------+--------------+-----------------------------------------------------------------------------------------------------------------------------+---------------------+--------------+
Note: For table entries with two numbers listed, the numbers in parentheses indicate the number of resources of the given type used by the specific entity alone. The numbers listed outside of parentheses indicate the total resources of the given type used by the specific entity and all of its sub-entities in the hierarchy.


+-------------------------------------------------------------+
; Registers Removed During Synthesis                          ;
+----------------------------------------+--------------------+
; Register name                          ; Reason for Removal ;
+----------------------------------------+--------------------+
; display:disR|cfreq[2..26]              ; Lost fanout        ;
; Total Number of Removed Registers = 25 ;                    ;
+----------------------------------------+--------------------+


+------------------------------------------------------+
; General Register Statistics                          ;
+----------------------------------------------+-------+
; Statistic                                    ; Value ;
+----------------------------------------------+-------+
; Total registers                              ; 44    ;
; Number of registers using Synchronous Clear  ; 5     ;
; Number of registers using Synchronous Load   ; 5     ;
; Number of registers using Asynchronous Clear ; 0     ;
; Number of registers using Asynchronous Load  ; 0     ;
; Number of registers using Clock Enable       ; 32    ;
; Number of registers using Preset             ; 0     ;
+----------------------------------------------+-------+


+---------------------------------------------------+
; Inverted Register Statistics                      ;
+-----------------------------------------+---------+
; Inverted Register                       ; Fan out ;
+-----------------------------------------+---------+
; breg[6][0]                              ; 2       ;
; breg[4][0]                              ; 2       ;
; breg[2][0]                              ; 2       ;
; breg[0][0]                              ; 2       ;
; breg[5][1]                              ; 2       ;
; breg[4][1]                              ; 2       ;
; breg[1][1]                              ; 2       ;
; breg[0][1]                              ; 2       ;
; breg[2][2]                              ; 2       ;
; breg[1][2]                              ; 2       ;
; breg[0][2]                              ; 2       ;
; breg[3][2]                              ; 2       ;
; breg[5][3]                              ; 2       ;
; breg[6][3]                              ; 2       ;
; breg[4][3]                              ; 2       ;
; breg[7][3]                              ; 3       ;
; breg[2][3]                              ; 2       ;
; breg[1][3]                              ; 2       ;
; breg[0][3]                              ; 2       ;
; breg[3][3]                              ; 2       ;
; Total number of inverted registers = 20 ;         ;
+-----------------------------------------+---------+


+--------------------------------------------------------------------------------------------------------------------------------------------------+
; Multiplexer Restructuring Statistics (Restructuring Performed)                                                                                   ;
+--------------------+-----------+---------------+----------------------+------------------------+------------+------------------------------------+
; Multiplexer Inputs ; Bus Width ; Baseline Area ; Area if Restructured ; Saving if Restructured ; Registered ; Example Multiplexer Output         ;
+--------------------+-----------+---------------+----------------------+------------------------+------------+------------------------------------+
; 3:1                ; 2 bits    ; 4 LEs         ; 2 LEs                ; 2 LEs                  ; Yes        ; |BancoRegistro|breg[3][0]          ;
; 3:1                ; 2 bits    ; 4 LEs         ; 2 LEs                ; 2 LEs                  ; Yes        ; |BancoRegistro|breg[5][0]          ;
; 3:1                ; 2 bits    ; 4 LEs         ; 2 LEs                ; 2 LEs                  ; Yes        ; |BancoRegistro|breg[6][1]          ;
; 3:1                ; 3 bits    ; 6 LEs         ; 3 LEs                ; 3 LEs                  ; Yes        ; |BancoRegistro|breg[7][0]          ;
; 4:1                ; 4 bits    ; 8 LEs         ; 8 LEs                ; 0 LEs                  ; Yes        ; |BancoRegistro|display:disR|bcd[3] ;
; 3:1                ; 4 bits    ; 8 LEs         ; 4 LEs                ; 4 LEs                  ; Yes        ; |BancoRegistro|breg[0][0]          ;
; 3:1                ; 3 bits    ; 6 LEs         ; 3 LEs                ; 3 LEs                  ; Yes        ; |BancoRegistro|breg[1][3]          ;
; 3:1                ; 3 bits    ; 6 LEs         ; 3 LEs                ; 3 LEs                  ; Yes        ; |BancoRegistro|breg[2][3]          ;
; 3:1                ; 2 bits    ; 4 LEs         ; 2 LEs                ; 2 LEs                  ; Yes        ; |BancoRegistro|breg[3][3]          ;
; 3:1                ; 3 bits    ; 6 LEs         ; 3 LEs                ; 3 LEs                  ; Yes        ; |BancoRegistro|breg[4][3]          ;
; 3:1                ; 2 bits    ; 4 LEs         ; 2 LEs                ; 2 LEs                  ; Yes        ; |BancoRegistro|breg[5][1]          ;
; 3:1                ; 2 bits    ; 4 LEs         ; 2 LEs                ; 2 LEs                  ; Yes        ; |BancoRegistro|breg[6][3]          ;
; 8:1                ; 4 bits    ; 20 LEs        ; 20 LEs               ; 0 LEs                  ; No         ; |BancoRegistro|Mux1                ;
; 8:1                ; 4 bits    ; 20 LEs        ; 20 LEs               ; 0 LEs                  ; No         ; |BancoRegistro|Mux4                ;
+--------------------+-----------+---------------+----------------------+------------------------+------------+------------------------------------+


+-------------------------------------------------------------------------------+
; Parameter Settings for User Entity Instance: Top-level Entity: |BancoRegistro ;
+----------------+-------+------------------------------------------------------+
; Parameter Name ; Value ; Type                                                 ;
+----------------+-------+------------------------------------------------------+
; BIT_ADDR       ; 3     ; Signed Integer                                       ;
; BIT_DATO       ; 4     ; Signed Integer                                       ;
+----------------+-------+------------------------------------------------------+
Note: In order to hide this table in the UI and the text report file, please set the "Show Parameter Settings in Synthesis Report" option in "Analysis and Synthesis Settings -> More Settings" to "Off".


+-------------------------------------------------------------------------------+
; Parameter Settings for Inferred Entity Instance: display:disR|lpm_divide:Mod2 ;
+------------------------+----------------+-------------------------------------+
; Parameter Name         ; Value          ; Type                                ;
+------------------------+----------------+-------------------------------------+
; LPM_WIDTHN             ; 4              ; Untyped                             ;
; LPM_WIDTHD             ; 4              ; Untyped                             ;
; LPM_NREPRESENTATION    ; UNSIGNED       ; Untyped                             ;
; LPM_DREPRESENTATION    ; UNSIGNED       ; Untyped                             ;
; LPM_PIPELINE           ; 0              ; Untyped                             ;
; LPM_REMAINDERPOSITIVE  ; TRUE           ; Untyped                             ;
; MAXIMIZE_SPEED         ; 5              ; Untyped                             ;
; CBXI_PARAMETER         ; lpm_divide_i9m ; Untyped                             ;
; CARRY_CHAIN            ; MANUAL         ; Untyped                             ;
; OPTIMIZE_FOR_SPEED     ; 5              ; Untyped                             ;
; AUTO_CARRY_CHAINS      ; ON             ; AUTO_CARRY                          ;
; IGNORE_CARRY_BUFFERS   ; OFF            ; IGNORE_CARRY                        ;
; AUTO_CASCADE_CHAINS    ; ON             ; AUTO_CASCADE                        ;
; IGNORE_CASCADE_BUFFERS ; OFF            ; IGNORE_CASCADE                      ;
+------------------------+----------------+-------------------------------------+
Note: In order to hide this table in the UI and the text report file, please set the "Show Parameter Settings in Synthesis Report" option in "Analysis and Synthesis Settings -> More Settings" to "Off".


+-------------------------------------------------------------------------------+
; Parameter Settings for Inferred Entity Instance: display:disR|lpm_divide:Div0 ;
+------------------------+----------------+-------------------------------------+
; Parameter Name         ; Value          ; Type                                ;
+------------------------+----------------+-------------------------------------+
; LPM_WIDTHN             ; 4              ; Untyped                             ;
; LPM_WIDTHD             ; 4              ; Untyped                             ;
; LPM_NREPRESENTATION    ; UNSIGNED       ; Untyped                             ;
; LPM_DREPRESENTATION    ; UNSIGNED       ; Untyped                             ;
; LPM_PIPELINE           ; 0              ; Untyped                             ;
; LPM_REMAINDERPOSITIVE  ; TRUE           ; Untyped                             ;
; MAXIMIZE_SPEED         ; 5              ; Untyped                             ;
; CBXI_PARAMETER         ; lpm_divide_fhm ; Untyped                             ;
; CARRY_CHAIN            ; MANUAL         ; Untyped                             ;
; OPTIMIZE_FOR_SPEED     ; 5              ; Untyped                             ;
; AUTO_CARRY_CHAINS      ; ON             ; AUTO_CARRY                          ;
; IGNORE_CARRY_BUFFERS   ; OFF            ; IGNORE_CARRY                        ;
; AUTO_CASCADE_CHAINS    ; ON             ; AUTO_CASCADE                        ;
; IGNORE_CASCADE_BUFFERS ; OFF            ; IGNORE_CASCADE                      ;
+------------------------+----------------+-------------------------------------+
Note: In order to hide this table in the UI and the text report file, please set the "Show Parameter Settings in Synthesis Report" option in "Analysis and Synthesis Settings -> More Settings" to "Off".


+-------------------------------------------------------------------------------+
; Parameter Settings for Inferred Entity Instance: display:disR|lpm_divide:Mod1 ;
+------------------------+----------------+-------------------------------------+
; Parameter Name         ; Value          ; Type                                ;
+------------------------+----------------+-------------------------------------+
; LPM_WIDTHN             ; 4              ; Untyped                             ;
; LPM_WIDTHD             ; 4              ; Untyped                             ;
; LPM_NREPRESENTATION    ; UNSIGNED       ; Untyped                             ;
; LPM_DREPRESENTATION    ; UNSIGNED       ; Untyped                             ;
; LPM_PIPELINE           ; 0              ; Untyped                             ;
; LPM_REMAINDERPOSITIVE  ; TRUE           ; Untyped                             ;
; MAXIMIZE_SPEED         ; 5              ; Untyped                             ;
; CBXI_PARAMETER         ; lpm_divide_i9m ; Untyped                             ;
; CARRY_CHAIN            ; MANUAL         ; Untyped                             ;
; OPTIMIZE_FOR_SPEED     ; 5              ; Untyped                             ;
; AUTO_CARRY_CHAINS      ; ON             ; AUTO_CARRY                          ;
; IGNORE_CARRY_BUFFERS   ; OFF            ; IGNORE_CARRY                        ;
; AUTO_CASCADE_CHAINS    ; ON             ; AUTO_CASCADE                        ;
; IGNORE_CASCADE_BUFFERS ; OFF            ; IGNORE_CASCADE                      ;
+------------------------+----------------+-------------------------------------+
Note: In order to hide this table in the UI and the text report file, please set the "Show Parameter Settings in Synthesis Report" option in "Analysis and Synthesis Settings -> More Settings" to "Off".


+-------------------------------------------------------------------------------+
; Parameter Settings for Inferred Entity Instance: display:disR|lpm_divide:Mod0 ;
+------------------------+----------------+-------------------------------------+
; Parameter Name         ; Value          ; Type                                ;
+------------------------+----------------+-------------------------------------+
; LPM_WIDTHN             ; 4              ; Untyped                             ;
; LPM_WIDTHD             ; 4              ; Untyped                             ;
; LPM_NREPRESENTATION    ; UNSIGNED       ; Untyped                             ;
; LPM_DREPRESENTATION    ; UNSIGNED       ; Untyped                             ;
; LPM_PIPELINE           ; 0              ; Untyped                             ;
; LPM_REMAINDERPOSITIVE  ; TRUE           ; Untyped                             ;
; MAXIMIZE_SPEED         ; 5              ; Untyped                             ;
; CBXI_PARAMETER         ; lpm_divide_i9m ; Untyped                             ;
; CARRY_CHAIN            ; MANUAL         ; Untyped                             ;
; OPTIMIZE_FOR_SPEED     ; 5              ; Untyped                             ;
; AUTO_CARRY_CHAINS      ; ON             ; AUTO_CARRY                          ;
; IGNORE_CARRY_BUFFERS   ; OFF            ; IGNORE_CARRY                        ;
; AUTO_CASCADE_CHAINS    ; ON             ; AUTO_CASCADE                        ;
; IGNORE_CASCADE_BUFFERS ; OFF            ; IGNORE_CASCADE                      ;
+------------------------+----------------+-------------------------------------+
Note: In order to hide this table in the UI and the text report file, please set the "Show Parameter Settings in Synthesis Report" option in "Analysis and Synthesis Settings -> More Settings" to "Off".


+-------------------------------------------------------------------------------+
; Parameter Settings for Inferred Entity Instance: display:disR|lpm_divide:Div1 ;
+------------------------+----------------+-------------------------------------+
; Parameter Name         ; Value          ; Type                                ;
+------------------------+----------------+-------------------------------------+
; LPM_WIDTHN             ; 4              ; Untyped                             ;
; LPM_WIDTHD             ; 4              ; Untyped                             ;
; LPM_NREPRESENTATION    ; UNSIGNED       ; Untyped                             ;
; LPM_DREPRESENTATION    ; UNSIGNED       ; Untyped                             ;
; LPM_PIPELINE           ; 0              ; Untyped                             ;
; LPM_REMAINDERPOSITIVE  ; TRUE           ; Untyped                             ;
; MAXIMIZE_SPEED         ; 5              ; Untyped                             ;
; CBXI_PARAMETER         ; lpm_divide_fhm ; Untyped                             ;
; CARRY_CHAIN            ; MANUAL         ; Untyped                             ;
; OPTIMIZE_FOR_SPEED     ; 5              ; Untyped                             ;
; AUTO_CARRY_CHAINS      ; ON             ; AUTO_CARRY                          ;
; IGNORE_CARRY_BUFFERS   ; OFF            ; IGNORE_CARRY                        ;
; AUTO_CASCADE_CHAINS    ; ON             ; AUTO_CASCADE                        ;
; IGNORE_CASCADE_BUFFERS ; OFF            ; IGNORE_CASCADE                      ;
+------------------------+----------------+-------------------------------------+
Note: In order to hide this table in the UI and the text report file, please set the "Show Parameter Settings in Synthesis Report" option in "Analysis and Synthesis Settings -> More Settings" to "Off".


+-------------------------------------------------------------------------------+
; Parameter Settings for Inferred Entity Instance: display:disR|lpm_divide:Mod3 ;
+------------------------+----------------+-------------------------------------+
; Parameter Name         ; Value          ; Type                                ;
+------------------------+----------------+-------------------------------------+
; LPM_WIDTHN             ; 4              ; Untyped                             ;
; LPM_WIDTHD             ; 4              ; Untyped                             ;
; LPM_NREPRESENTATION    ; UNSIGNED       ; Untyped                             ;
; LPM_DREPRESENTATION    ; UNSIGNED       ; Untyped                             ;
; LPM_PIPELINE           ; 0              ; Untyped                             ;
; LPM_REMAINDERPOSITIVE  ; TRUE           ; Untyped                             ;
; MAXIMIZE_SPEED         ; 5              ; Untyped                             ;
; CBXI_PARAMETER         ; lpm_divide_i9m ; Untyped                             ;
; CARRY_CHAIN            ; MANUAL         ; Untyped                             ;
; OPTIMIZE_FOR_SPEED     ; 5              ; Untyped                             ;
; AUTO_CARRY_CHAINS      ; ON             ; AUTO_CARRY                          ;
; IGNORE_CARRY_BUFFERS   ; OFF            ; IGNORE_CARRY                        ;
; AUTO_CASCADE_CHAINS    ; ON             ; AUTO_CASCADE                        ;
; IGNORE_CASCADE_BUFFERS ; OFF            ; IGNORE_CASCADE                      ;
+------------------------+----------------+-------------------------------------+
Note: In order to hide this table in the UI and the text report file, please set the "Show Parameter Settings in Synthesis Report" option in "Analysis and Synthesis Settings -> More Settings" to "Off".


+-----------------------------------------------------+
; Post-Synthesis Netlist Statistics for Top Partition ;
+-----------------------+-----------------------------+
; Type                  ; Count                       ;
+-----------------------+-----------------------------+
; boundary_port         ; 35                          ;
; cycloneiii_ff         ; 44                          ;
;     ENA               ; 32                          ;
;     SCLR              ; 5                           ;
;     SLD               ; 5                           ;
;     plain             ; 2                           ;
; cycloneiii_lcell_comb ; 110                         ;
;     arith             ; 13                          ;
;         2 data inputs ; 13                          ;
;     normal            ; 97                          ;
;         0 data inputs ; 4                           ;
;         1 data inputs ; 2                           ;
;         2 data inputs ; 21                          ;
;         3 data inputs ; 17                          ;
;         4 data inputs ; 53                          ;
;                       ;                             ;
; Max LUT depth         ; 6.30                        ;
; Average LUT depth     ; 4.14                        ;
+-----------------------+-----------------------------+


+-------------------------------+
; Elapsed Time Per Partition    ;
+----------------+--------------+
; Partition Name ; Elapsed Time ;
+----------------+--------------+
; Top            ; 00:00:00     ;
+----------------+--------------+


+-------------------------------+
; Analysis & Synthesis Messages ;
+-------------------------------+
Info: *******************************************************************
Info: Running Quartus Prime Analysis & Synthesis
    Info: Version 20.1.1 Build 720 11/11/2020 SJ Lite Edition
    Info: Processing started: Sat Apr 24 22:53:08 2021
Info: Command: quartus_map --read_settings_files=on --write_settings_files=off BancoRegistro -c BancoRegistro
Warning (18236): Number of processors has not been specified which may cause overloading on shared machines.  Set the global assignment NUM_PARALLEL_PROCESSORS in your QSF to an appropriate value for best performance.
Info (20030): Parallel compilation is enabled and will use 6 of the 6 processors detected
Warning (12125): Using design file bancoregistro.v, which is not specified as a design file for the current project, but contains definitions for 1 design units and 1 entities in project
    Info (12023): Found entity 1: BancoRegistro File: E:/Users/tisam.SUPER-PC/Documents/GitHub/lab04/lab04-master/bancoregistro.v Line: 21
Info (12127): Elaborating entity "BancoRegistro" for the top level hierarchy
Warning (10850): Verilog HDL warning at bancoregistro.v(63): number of words (16) in memory file does not match the number of elements in the address range [0:7] File: E:/Users/tisam.SUPER-PC/Documents/GitHub/lab04/lab04-master/bancoregistro.v Line: 63
Warning (10230): Verilog HDL assignment warning at bancoregistro.v(75): truncated value with size 32 to match size of target (4) File: E:/Users/tisam.SUPER-PC/Documents/GitHub/lab04/lab04-master/bancoregistro.v Line: 75
Warning (12125): Using design file display.v, which is not specified as a design file for the current project, but contains definitions for 1 design units and 1 entities in project
    Info (12023): Found entity 1: display File: E:/Users/tisam.SUPER-PC/Documents/GitHub/lab04/lab04-master/display.v Line: 4
Info (12128): Elaborating entity "display" for hierarchy "display:disR" File: E:/Users/tisam.SUPER-PC/Documents/GitHub/lab04/lab04-master/bancoregistro.v Line: 87
Warning (10230): Verilog HDL assignment warning at display.v(29): truncated value with size 32 to match size of target (27) File: E:/Users/tisam.SUPER-PC/Documents/GitHub/lab04/lab04-master/display.v Line: 29
Warning (10230): Verilog HDL assignment warning at display.v(40): truncated value with size 32 to match size of target (4) File: E:/Users/tisam.SUPER-PC/Documents/GitHub/lab04/lab04-master/display.v Line: 40
Warning (10230): Verilog HDL assignment warning at display.v(41): truncated value with size 32 to match size of target (4) File: E:/Users/tisam.SUPER-PC/Documents/GitHub/lab04/lab04-master/display.v Line: 41
Warning (10230): Verilog HDL assignment warning at display.v(42): truncated value with size 32 to match size of target (4) File: E:/Users/tisam.SUPER-PC/Documents/GitHub/lab04/lab04-master/display.v Line: 42
Warning (10230): Verilog HDL assignment warning at display.v(43): truncated value with size 32 to match size of target (4) File: E:/Users/tisam.SUPER-PC/Documents/GitHub/lab04/lab04-master/display.v Line: 43
Warning (10230): Verilog HDL assignment warning at display.v(56): truncated value with size 32 to match size of target (2) File: E:/Users/tisam.SUPER-PC/Documents/GitHub/lab04/lab04-master/display.v Line: 56
Warning (12125): Using design file bcdtosseg.v, which is not specified as a design file for the current project, but contains definitions for 1 design units and 1 entities in project
    Info (12023): Found entity 1: BCDtoSSeg File: E:/Users/tisam.SUPER-PC/Documents/GitHub/lab04/lab04-master/bcdtosseg.v Line: 1
Info (12128): Elaborating entity "BCDtoSSeg" for hierarchy "display:disR|BCDtoSSeg:bcdtosseg" File: E:/Users/tisam.SUPER-PC/Documents/GitHub/lab04/lab04-master/display.v Line: 17
Info (278001): Inferred 6 megafunctions from design logic
    Info (278004): Inferred divider/modulo megafunction ("lpm_divide") from the following logic: "display:disR|Mod2" File: E:/Users/tisam.SUPER-PC/Documents/GitHub/lab04/lab04-master/display.v Line: 42
    Info (278004): Inferred divider/modulo megafunction ("lpm_divide") from the following logic: "display:disR|Div0" File: E:/Users/tisam.SUPER-PC/Documents/GitHub/lab04/lab04-master/display.v Line: 41
    Info (278004): Inferred divider/modulo megafunction ("lpm_divide") from the following logic: "display:disR|Mod1" File: E:/Users/tisam.SUPER-PC/Documents/GitHub/lab04/lab04-master/display.v Line: 41
    Info (278004): Inferred divider/modulo megafunction ("lpm_divide") from the following logic: "display:disR|Mod0" File: E:/Users/tisam.SUPER-PC/Documents/GitHub/lab04/lab04-master/display.v Line: 40
    Info (278004): Inferred divider/modulo megafunction ("lpm_divide") from the following logic: "display:disR|Div1" File: E:/Users/tisam.SUPER-PC/Documents/GitHub/lab04/lab04-master/display.v Line: 43
    Info (278004): Inferred divider/modulo megafunction ("lpm_divide") from the following logic: "display:disR|Mod3" File: E:/Users/tisam.SUPER-PC/Documents/GitHub/lab04/lab04-master/display.v Line: 43
Info (12130): Elaborated megafunction instantiation "display:disR|lpm_divide:Mod2" File: E:/Users/tisam.SUPER-PC/Documents/GitHub/lab04/lab04-master/display.v Line: 42
Info (12133): Instantiated megafunction "display:disR|lpm_divide:Mod2" with the following parameter: File: E:/Users/tisam.SUPER-PC/Documents/GitHub/lab04/lab04-master/display.v Line: 42
    Info (12134): Parameter "LPM_WIDTHN" = "4"
    Info (12134): Parameter "LPM_WIDTHD" = "4"
    Info (12134): Parameter "LPM_NREPRESENTATION" = "UNSIGNED"
    Info (12134): Parameter "LPM_DREPRESENTATION" = "UNSIGNED"
Info (12021): Found 1 design units, including 1 entities, in source file db/lpm_divide_i9m.tdf
    Info (12023): Found entity 1: lpm_divide_i9m File: E:/Users/tisam.SUPER-PC/Documents/GitHub/lab04/lab04-master/db/lpm_divide_i9m.tdf Line: 25
Info (12021): Found 1 design units, including 1 entities, in source file db/sign_div_unsign_7kh.tdf
    Info (12023): Found entity 1: sign_div_unsign_7kh File: E:/Users/tisam.SUPER-PC/Documents/GitHub/lab04/lab04-master/db/sign_div_unsign_7kh.tdf Line: 25
Info (12021): Found 1 design units, including 1 entities, in source file db/alt_u_div_24f.tdf
    Info (12023): Found entity 1: alt_u_div_24f File: E:/Users/tisam.SUPER-PC/Documents/GitHub/lab04/lab04-master/db/alt_u_div_24f.tdf Line: 27
Info (12021): Found 1 design units, including 1 entities, in source file db/add_sub_7pc.tdf
    Info (12023): Found entity 1: add_sub_7pc File: E:/Users/tisam.SUPER-PC/Documents/GitHub/lab04/lab04-master/db/add_sub_7pc.tdf Line: 23
Info (12021): Found 1 design units, including 1 entities, in source file db/add_sub_8pc.tdf
    Info (12023): Found entity 1: add_sub_8pc File: E:/Users/tisam.SUPER-PC/Documents/GitHub/lab04/lab04-master/db/add_sub_8pc.tdf Line: 23
Info (12130): Elaborated megafunction instantiation "display:disR|lpm_divide:Div0" File: E:/Users/tisam.SUPER-PC/Documents/GitHub/lab04/lab04-master/display.v Line: 41
Info (12133): Instantiated megafunction "display:disR|lpm_divide:Div0" with the following parameter: File: E:/Users/tisam.SUPER-PC/Documents/GitHub/lab04/lab04-master/display.v Line: 41
    Info (12134): Parameter "LPM_WIDTHN" = "4"
    Info (12134): Parameter "LPM_WIDTHD" = "4"
    Info (12134): Parameter "LPM_NREPRESENTATION" = "UNSIGNED"
    Info (12134): Parameter "LPM_DREPRESENTATION" = "UNSIGNED"
Info (12021): Found 1 design units, including 1 entities, in source file db/lpm_divide_fhm.tdf
    Info (12023): Found entity 1: lpm_divide_fhm File: E:/Users/tisam.SUPER-PC/Documents/GitHub/lab04/lab04-master/db/lpm_divide_fhm.tdf Line: 25
Info (286030): Timing-Driven Synthesis is running
Info (17049): 25 registers lost all their fanouts during netlist optimizations.
Warning (20013): Ignored 24 assignments for entity "Hex2SSeg" -- entity does not exist in design
    Warning (20014): Assignment for entity set_instance_assignment -name PARTITION_HIERARCHY root_partition -to | -entity Hex2SSeg -section_id Top was ignored
    Warning (20014): Assignment for entity set_global_assignment -name PARTITION_NETLIST_TYPE SOURCE -entity Hex2SSeg -section_id Top was ignored
    Warning (20014): Assignment for entity set_global_assignment -name PARTITION_FITTER_PRESERVATION_LEVEL PLACEMENT_AND_ROUTING -entity Hex2SSeg -section_id Top was ignored
    Warning (20014): Assignment for entity set_global_assignment -name PARTITION_PRESERVE_HIGH_SPEED_TILES ON -entity Hex2SSeg -section_id Top was ignored
    Warning (20014): Assignment for entity set_global_assignment -name PARTITION_IGNORE_SOURCE_FILE_CHANGES OFF -entity Hex2SSeg -section_id Top was ignored
    Warning (20014): Assignment for entity set_global_assignment -name PARTITION_ALWAYS_USE_QXP_NETLIST OFF -entity Hex2SSeg -section_id Top was ignored
    Warning (20014): Assignment for entity set_global_assignment -name PARTITION_COLOR 16764057 -entity Hex2SSeg -section_id Top was ignored
    Warning (20014): Assignment for entity set_global_assignment -name PARTITION_IMPORT_ASSIGNMENTS ON -entity Hex2SSeg -section_id Top was ignored
    Warning (20014): Assignment for entity set_global_assignment -name PARTITION_IMPORT_EXISTING_ASSIGNMENTS REPLACE_CONFLICTING -entity Hex2SSeg -section_id Top was ignored
    Warning (20014): Assignment for entity set_global_assignment -name PARTITION_IMPORT_EXISTING_LOGICLOCK_REGIONS UPDATE_CONFLICTING -entity Hex2SSeg -section_id Top was ignored
    Warning (20014): Assignment for entity set_global_assignment -name PARTITION_IMPORT_PIN_ASSIGNMENTS ON -entity Hex2SSeg -section_id Top was ignored
    Warning (20014): Assignment for entity set_global_assignment -name PARTITION_IMPORT_PROMOTE_ASSIGNMENTS ON -entity Hex2SSeg -section_id Top was ignored
    Warning (20014): Assignment for entity set_global_assignment -name PARTITION_TYPE STANDARD_PARTITION -entity Hex2SSeg -section_id Top was ignored
    Warning (20014): Assignment for entity set_global_assignment -name ALLOW_MULTIPLE_PERSONAS OFF -entity Hex2SSeg -section_id Top was ignored
    Warning (20014): Assignment for entity set_global_assignment -name PARTITION_ASD_REGION_ID 1 -entity Hex2SSeg -section_id Top was ignored
    Warning (20014): Assignment for entity set_global_assignment -name CROSS_BOUNDARY_OPTIMIZATIONS OFF -entity Hex2SSeg -section_id Top was ignored
    Warning (20014): Assignment for entity set_global_assignment -name PROPAGATE_CONSTANTS_ON_INPUTS ON -entity Hex2SSeg -section_id Top was ignored
    Warning (20014): Assignment for entity set_global_assignment -name PROPAGATE_INVERSIONS_ON_INPUTS ON -entity Hex2SSeg -section_id Top was ignored
    Warning (20014): Assignment for entity set_global_assignment -name REMOVE_LOGIC_ON_UNCONNECTED_OUTPUTS ON -entity Hex2SSeg -section_id Top was ignored
    Warning (20014): Assignment for entity set_global_assignment -name MERGE_EQUIVALENT_INPUTS ON -entity Hex2SSeg -section_id Top was ignored
    Warning (20014): Assignment for entity set_global_assignment -name MERGE_EQUIVALENT_BIDIRS ON -entity Hex2SSeg -section_id Top was ignored
    Warning (20014): Assignment for entity set_global_assignment -name ABSORB_PATHS_FROM_OUTPUTS_TO_INPUTS ON -entity Hex2SSeg -section_id Top was ignored
    Warning (20014): Assignment for entity set_global_assignment -name PARTITION_EXTRACT_HARD_BLOCK_NODES ON -entity Hex2SSeg -section_id Top was ignored
    Warning (20014): Assignment for entity set_global_assignment -name PARTITION_ENABLE_STRICT_PRESERVATION OFF -entity Hex2SSeg -section_id Top was ignored
Info (16010): Generating hard_block partition "hard_block:auto_generated_inst"
    Info (16011): Adding 0 node(s), including 0 DDIO, 0 PLL, 0 transceiver and 0 LCELL
Info (21057): Implemented 172 device resources after synthesis - the final resource count might be different
    Info (21058): Implemented 16 input pins
    Info (21059): Implemented 19 output pins
    Info (21061): Implemented 137 logic cells
Info: Quartus Prime Analysis & Synthesis was successful. 0 errors, 37 warnings
    Info: Peak virtual memory: 4776 megabytes
    Info: Processing ended: Sat Apr 24 22:53:16 2021
    Info: Elapsed time: 00:00:08
    Info: Total CPU time (on all processors): 00:00:16


